#
# There is insufficient memory for the Java Runtime Environment to continue.
# Native memory allocation (malloc) failed to allocate 32744 bytes. Error detail: Chunk::new
# Possible reasons:
#   The system is out of physical RAM or swap space
#   This process is running with CompressedOops enabled, and the Java Heap may be blocking the growth of the native heap
# Possible solutions:
#   Reduce memory load on the system
#   Increase physical memory or swap space
#   Check if swap backing store is full
#   Decrease Java heap size (-Xmx/-Xms)
#   Decrease number of Java threads
#   Decrease Java thread stack sizes (-Xss)
#   Set larger code cache with -XX:ReservedCodeCacheSize=
#   JVM is running with Unscaled Compressed Oops mode in which the Java heap is
#     placed in the first 4GB address space. The Java Heap base address is the
#     maximum limit for the native heap growth. Please use -XX:HeapBaseMinAddress
#     to set the Java Heap base and to place the Java Heap above 4GB virtual address.
# This output file may be truncated or incomplete.
#
#  Out of Memory Error (arena.cpp:168), pid=14312, tid=8792
#
# JRE version: OpenJDK Runtime Environment Temurin-21.0.10+7 (21.0.10+7) (build 21.0.10+7-LTS)
# Java VM: OpenJDK 64-Bit Server VM Temurin-21.0.10+7 (21.0.10+7-LTS, mixed mode, sharing, tiered, compressed oops, compressed class ptrs, parallel gc, windows-amd64)
# No core dump will be written. Minidumps are not enabled by default on client versions of Windows
#

---------------  S U M M A R Y ------------

Command Line: --add-modules=ALL-SYSTEM --add-opens=java.base/java.util=ALL-UNNAMED --add-opens=java.base/java.lang=ALL-UNNAMED --add-opens=java.base/sun.nio.fs=ALL-UNNAMED -Declipse.application=org.eclipse.jdt.ls.core.id1 -Dosgi.bundles.defaultStartLevel=4 -Declipse.product=org.eclipse.jdt.ls.core.product -Djava.import.generatesMetadataFilesAtProjectRoot=false -DDetectVMInstallationsJob.disabled=true -Dfile.encoding=utf8 -XX:+UseParallelGC -XX:GCTimeRatio=4 -XX:AdaptiveSizePolicyWeight=90 -Dsun.zip.disableMemoryMapping=true -Xmx2G -Xms100m -Xlog:disable -javaagent:c:\Users\babao\.vscode\extensions\redhat.java-1.53.0-win32-x64\lombok\lombok-1.18.39-4050.jar c:\Users\babao\.vscode\extensions\redhat.java-1.53.0-win32-x64\server\plugins\org.eclipse.equinox.launcher_1.7.100.v20251111-0406.jar -configuration c:\Users\babao\AppData\Roaming\Code\User\globalStorage\redhat.java\1.53.0\config_ss_win -data c:\Users\babao\AppData\Roaming\Code\User\workspaceStorage\def750f261716c392b2c7b4c6f5723f1\redhat.java\ss_ws --pipe=\\.\pipe\lsp-3bf93ff1baf4f23a255c1e0f161bd286-sock

Host: 11th Gen Intel(R) Core(TM) i5-1135G7 @ 2.40GHz, 8 cores, 7G,  Windows 11 , 64 bit Build 26100 (10.0.26100.7920)
Time: Sat Mar  7 13:45:33 2026 India Standard Time elapsed time: 80.424162 seconds (0d 0h 1m 20s)

---------------  T H R E A D  ---------------

Current thread (0x00000185cd3052d0):  JavaThread "C2 CompilerThread0" daemon [_thread_in_native, id=8792, stack(0x000000801f700000,0x000000801f800000) (1024K)]


Current CompileTask:
C2:80435 7355       4       org.eclipse.jdt.internal.compiler.parser.Scanner::internalScanIdentifierOrKeyword (5041 bytes)

Stack: [0x000000801f700000,0x000000801f800000]
Native frames: (J=compiled Java code, j=interpreted, Vv=VM code, C=native code)
V  [jvm.dll+0x6d7a39]
V  [jvm.dll+0x8b4b26]
V  [jvm.dll+0x8b70de]
V  [jvm.dll+0x8b77c3]
V  [jvm.dll+0x284346]
V  [jvm.dll+0xc66ed]
V  [jvm.dll+0xc6c31]
V  [jvm.dll+0xc6815]
V  [jvm.dll+0x6b2b0c]
V  [jvm.dll+0x38c130]
V  [jvm.dll+0x38d5c9]
V  [jvm.dll+0x38af5a]
V  [jvm.dll+0x38a5aa]
V  [jvm.dll+0x24c560]
V  [jvm.dll+0x24bb40]
V  [jvm.dll+0x1cb34e]
V  [jvm.dll+0x25b85d]
V  [jvm.dll+0x259dea]
V  [jvm.dll+0x3f857e]
V  [jvm.dll+0x85f59d]
V  [jvm.dll+0x6d626d]
C  [ucrtbase.dll+0x37b0]
C  [KERNEL32.DLL+0x2e8d7]
C  [ntdll.dll+0x8c48c]


---------------  P R O C E S S  ---------------

Threads class SMR info:
_java_thread_list=0x00000185ea76a3f0, length=35, elements={
0x00000185cd38c2d0, 0x00000185cd437dd0, 0x00000185cd2f66f0, 0x00000185cd43b130,
0x00000185cd43bb90, 0x00000185cd43d900, 0x00000185cd43e360, 0x00000185cd3052d0,
0x00000185e56076d0, 0x00000185e57d3730, 0x00000185e586b590, 0x00000185ea753c30,
0x00000185ea7535a0, 0x00000185ea754fe0, 0x00000185ea755670, 0x00000185ea7521f0,
0x00000185ea752880, 0x00000185ea752f10, 0x00000185ea754950, 0x00000185eb7b3460,
0x00000185eb7b1a20, 0x00000185eb7b20b0, 0x00000185eb7b2740, 0x00000185eb7b1390,
0x00000185eb7b2dd0, 0x00000185eb7b3af0, 0x00000185eb7b0670, 0x00000185eb7b4180,
0x00000185eb7b0d00, 0x00000185eb7b5530, 0x00000185eb7b6250, 0x00000185eb7b5bc0,
0x00000185eb7b68e0, 0x00000185eb7b6f70, 0x00000185ea8370e0
}

Java Threads: ( => current thread )
  0x00000185cd38c2d0 JavaThread "main"                              [_thread_blocked, id=29148, stack(0x000000801ed00000,0x000000801ee00000) (1024K)]
  0x00000185cd437dd0 JavaThread "Reference Handler"          daemon [_thread_blocked, id=27308, stack(0x000000801f100000,0x000000801f200000) (1024K)]
  0x00000185cd2f66f0 JavaThread "Finalizer"                  daemon [_thread_blocked, id=23912, stack(0x000000801f200000,0x000000801f300000) (1024K)]
  0x00000185cd43b130 JavaThread "Signal Dispatcher"          daemon [_thread_blocked, id=836, stack(0x000000801f300000,0x000000801f400000) (1024K)]
  0x00000185cd43bb90 JavaThread "Attach Listener"            daemon [_thread_blocked, id=29712, stack(0x000000801f400000,0x000000801f500000) (1024K)]
  0x00000185cd43d900 JavaThread "Service Thread"             daemon [_thread_blocked, id=11640, stack(0x000000801f500000,0x000000801f600000) (1024K)]
  0x00000185cd43e360 JavaThread "Monitor Deflation Thread"   daemon [_thread_blocked, id=22408, stack(0x000000801f600000,0x000000801f700000) (1024K)]
=>0x00000185cd3052d0 JavaThread "C2 CompilerThread0"         daemon [_thread_in_native, id=8792, stack(0x000000801f700000,0x000000801f800000) (1024K)]
  0x00000185e56076d0 JavaThread "C1 CompilerThread0"         daemon [_thread_blocked, id=24796, stack(0x000000801f800000,0x000000801f900000) (1024K)]
  0x00000185e57d3730 JavaThread "Common-Cleaner"             daemon [_thread_blocked, id=22288, stack(0x000000801fa00000,0x000000801fb00000) (1024K)]
  0x00000185e586b590 JavaThread "Notification Thread"        daemon [_thread_blocked, id=22148, stack(0x000000801fb00000,0x000000801fc00000) (1024K)]
  0x00000185ea753c30 JavaThread "Active Thread: Equinox Container: fe0c8161-48d9-42b5-9fa6-b1bfc3eba837"        [_thread_blocked, id=5576, stack(0x0000008020200000,0x0000008020300000) (1024K)]
  0x00000185ea7535a0 JavaThread "Framework Event Dispatcher: Equinox Container: fe0c8161-48d9-42b5-9fa6-b1bfc3eba837" daemon [_thread_blocked, id=28808, stack(0x0000008020300000,0x0000008020400000) (1024K)]
  0x00000185ea754fe0 JavaThread "Start Level: Equinox Container: fe0c8161-48d9-42b5-9fa6-b1bfc3eba837" daemon [_thread_blocked, id=25368, stack(0x0000008020400000,0x0000008020500000) (1024K)]
  0x00000185ea755670 JavaThread "SCR Component Actor"        daemon [_thread_blocked, id=30996, stack(0x000000801f900000,0x000000801fa00000) (1024K)]
  0x00000185ea7521f0 JavaThread "Worker-JM"                         [_thread_blocked, id=24852, stack(0x0000008020600000,0x0000008020700000) (1024K)]
  0x00000185ea752880 JavaThread "Worker-0"                          [_thread_blocked, id=8072, stack(0x0000008020800000,0x0000008020900000) (1024K)]
  0x00000185ea752f10 JavaThread "Worker-1"                          [_thread_blocked, id=20976, stack(0x0000008020900000,0x0000008020a00000) (1024K)]
  0x00000185ea754950 JavaThread "JNA Cleaner"                daemon [_thread_blocked, id=30044, stack(0x0000008020700000,0x0000008020800000) (1024K)]
  0x00000185eb7b3460 JavaThread "Worker-2"                          [_thread_blocked, id=16608, stack(0x0000008020d00000,0x0000008020e00000) (1024K)]
  0x00000185eb7b1a20 JavaThread "Thread-1"                   daemon [_thread_in_native, id=24936, stack(0x0000008020e00000,0x0000008020f00000) (1024K)]
  0x00000185eb7b20b0 JavaThread "Thread-2"                   daemon [_thread_in_native, id=24224, stack(0x0000008020f00000,0x0000008021000000) (1024K)]
  0x00000185eb7b2740 JavaThread "Thread-3"                   daemon [_thread_in_native, id=24452, stack(0x0000008021000000,0x0000008021100000) (1024K)]
  0x00000185eb7b1390 JavaThread "Thread-4"                   daemon [_thread_in_native, id=11428, stack(0x0000008021100000,0x0000008021200000) (1024K)]
  0x00000185eb7b2dd0 JavaThread "Thread-5"                   daemon [_thread_in_native, id=19236, stack(0x0000008021200000,0x0000008021300000) (1024K)]
  0x00000185eb7b3af0 JavaThread "Thread-6"                   daemon [_thread_in_native, id=20108, stack(0x0000008021300000,0x0000008021400000) (1024K)]
  0x00000185eb7b0670 JavaThread "Thread-7"                   daemon [_thread_in_native, id=20524, stack(0x0000008021400000,0x0000008021500000) (1024K)]
  0x00000185eb7b4180 JavaThread "Thread-8"                   daemon [_thread_in_native, id=17320, stack(0x0000008021500000,0x0000008021600000) (1024K)]
  0x00000185eb7b0d00 JavaThread "Thread-9"                   daemon [_thread_in_native, id=21112, stack(0x0000008021600000,0x0000008021700000) (1024K)]
  0x00000185eb7b5530 JavaThread "pool-2-thread-1"                   [_thread_blocked, id=29632, stack(0x0000008020c00000,0x0000008020d00000) (1024K)]
  0x00000185eb7b6250 JavaThread "WorkspaceEventsHandler"            [_thread_blocked, id=27292, stack(0x0000008021700000,0x0000008021800000) (1024K)]
  0x00000185eb7b5bc0 JavaThread "pool-1-thread-1"                   [_thread_blocked, id=23180, stack(0x0000008021800000,0x0000008021900000) (1024K)]
  0x00000185eb7b68e0 JavaThread "ForkJoinPool.commonPool-worker-1" daemon [_thread_blocked, id=10436, stack(0x0000008021900000,0x0000008021a00000) (1024K)]
  0x00000185eb7b6f70 JavaThread "ForkJoinPool.commonPool-worker-2" daemon [_thread_blocked, id=18236, stack(0x0000008021a00000,0x0000008021b00000) (1024K)]
  0x00000185ea8370e0 JavaThread "C2 CompilerThread1"         daemon [_thread_in_native, id=28504, stack(0x000000801ea00000,0x000000801eb00000) (1024K)]
Total: 35

Other Threads:
  0x00000185cd424960 VMThread "VM Thread"                           [id=13528, stack(0x000000801f000000,0x000000801f100000) (1024K)]
  0x00000185cd3f2310 WatcherThread "VM Periodic Task Thread"        [id=8920, stack(0x000000801ef00000,0x000000801f000000) (1024K)]
  0x00000185cd3a4c60 WorkerThread "GC Thread#0"                     [id=25712, stack(0x000000801ee00000,0x000000801ef00000) (1024K)]
  0x00000185e596e8f0 WorkerThread "GC Thread#1"                     [id=31156, stack(0x000000801fc00000,0x000000801fd00000) (1024K)]
  0x00000185e596e540 WorkerThread "GC Thread#2"                     [id=27480, stack(0x000000801fd00000,0x000000801fe00000) (1024K)]
  0x00000185e596dde0 WorkerThread "GC Thread#3"                     [id=23716, stack(0x000000801fe00000,0x000000801ff00000) (1024K)]
  0x00000185e596e190 WorkerThread "GC Thread#4"                     [id=26444, stack(0x000000801ff00000,0x0000008020000000) (1024K)]
  0x00000185e596d680 WorkerThread "GC Thread#5"                     [id=14156, stack(0x0000008020000000,0x0000008020100000) (1024K)]
  0x00000185e596eca0 WorkerThread "GC Thread#6"                     [id=28636, stack(0x0000008020100000,0x0000008020200000) (1024K)]
  0x00000185e596da30 WorkerThread "GC Thread#7"                     [id=10432, stack(0x0000008020500000,0x0000008020600000) (1024K)]
Total: 10

Threads with active compile tasks:
C2 CompilerThread0  84367 7355       4       org.eclipse.jdt.internal.compiler.parser.Scanner::internalScanIdentifierOrKeyword (5041 bytes)
C2 CompilerThread1  84367 7378       4       org.eclipse.jdt.core.compiler.CharOperation::concatWith (127 bytes)
Total: 2

VM state: not at safepoint (normal execution)

VM Mutex/Monitor currently owned by a thread: None

Heap address: 0x0000000080000000, size: 2048 MB, Compressed Oops mode: 32-bit

CDS archive(s) mapped at: [0x0000018580000000-0x0000018580ba0000-0x0000018580ba0000), size 12189696, SharedBaseAddress: 0x0000018580000000, ArchiveRelocationMode: 1.
Compressed class space mapped at: 0x0000018581000000-0x00000185c1000000, reserved size: 1073741824
Narrow klass base: 0x0000018580000000, Narrow klass shift: 0, Narrow klass range: 0x100000000

GC Precious Log:
 CardTable entry size: 512
 CPUs: 8 total, 8 available
 Memory: 7926M
 Large Page Support: Disabled
 NUMA Support: Disabled
 Compressed Oops: Enabled (32-bit)
 Alignments: Space 512K, Generation 512K, Heap 2M
 Heap Min Capacity: 100M
 Heap Initial Capacity: 100M
 Heap Max Capacity: 2G
 Pre-touch: Disabled
 Parallel Workers: 8

Heap:
 PSYoungGen      total 21504K, used 3576K [0x00000000d5580000, 0x00000000d6b80000, 0x0000000100000000)
  eden space 20992K, 14% used [0x00000000d5580000,0x00000000d58820c0,0x00000000d6a00000)
  from space 512K, 96% used [0x00000000d6b00000,0x00000000d6b7c030,0x00000000d6b80000)
  to   space 512K, 0% used [0x00000000d6a80000,0x00000000d6a80000,0x00000000d6b00000)
 ParOldGen       total 68608K, used 34635K [0x0000000080000000, 0x0000000084300000, 0x00000000d5580000)
  object space 68608K, 50% used [0x0000000080000000,0x00000000821d2e00,0x0000000084300000)
 Metaspace       used 44212K, committed 45376K, reserved 1114112K
  class space    used 4446K, committed 4992K, reserved 1048576K

Card table byte_map: [0x00000185ccd20000,0x00000185cd130000] _byte_map_base: 0x00000185cc920000

Marking Bits: (ParMarkBitMap*) 0x00007ffb78e03450
 Begin Bits: [0x00000185df830000, 0x00000185e1830000)
 End Bits:   [0x00000185e1830000, 0x00000185e3830000)

Polling page: 0x00000185cb1a0000

Metaspace:

Usage:
  Non-class:     38.83 MB used.
      Class:      4.34 MB used.
       Both:     43.18 MB used.

Virtual space:
  Non-class space:       64.00 MB reserved,      39.44 MB ( 62%) committed,  1 nodes.
      Class space:        1.00 GB reserved,       4.88 MB ( <1%) committed,  1 nodes.
             Both:        1.06 GB reserved,      44.31 MB (  4%) committed. 

Chunk freelists:
   Non-Class:  7.94 MB
       Class:  11.06 MB
        Both:  19.00 MB

MaxMetaspaceSize: unlimited
CompressedClassSpaceSize: 1.00 GB
Initial GC threshold: 21.00 MB
Current GC threshold: 58.38 MB
CDS: on
 - commit_granule_bytes: 65536.
 - commit_granule_words: 8192.
 - virtual_space_node_default_size: 8388608.
 - enlarge_chunks_in_place: 1.
 - use_allocation_guard: 0.


Internal statistics:

num_allocs_failed_limit: 6.
num_arena_births: 938.
num_arena_deaths: 14.
num_vsnodes_births: 2.
num_vsnodes_deaths: 0.
num_space_committed: 709.
num_space_uncommitted: 0.
num_chunks_returned_to_freelist: 20.
num_chunks_taken_from_freelist: 2855.
num_chunk_merges: 10.
num_chunk_splits: 1800.
num_chunks_enlarged: 1105.
num_inconsistent_stats: 0.

CodeHeap 'non-profiled nmethods': size=120000Kb used=4856Kb max_used=4856Kb free=115143Kb
 bounds [0x00000185d8050000, 0x00000185d8510000, 0x00000185df580000]
CodeHeap 'profiled nmethods': size=120000Kb used=15797Kb max_used=15797Kb free=104202Kb
 bounds [0x00000185d0580000, 0x00000185d14f0000, 0x00000185d7ab0000]
CodeHeap 'non-nmethods': size=5760Kb used=1424Kb max_used=1533Kb free=4335Kb
 bounds [0x00000185d7ab0000, 0x00000185d7d20000, 0x00000185d8050000]
CodeCache: size=245760Kb, used=22077Kb, max_used=22186Kb, free=223680Kb
 total_blobs=7702, nmethods=6984, adapters=623, full_count=0
Compilation: enabled, stopped_count=0, restarted_count=0

Compilation events (20 events):
Event: 75.077 Thread 0x00000185e56076d0 7360       3       org.eclipse.core.runtime.ProgressMonitorWrapper::isCanceled (10 bytes)
Event: 76.089 Thread 0x00000185e56076d0 nmethod 7360 0x00000185d14e8e90 code [0x00000185d14e9040, 0x00000185d14e9218]
Event: 76.089 Thread 0x00000185e56076d0 7361       3       org.eclipse.core.internal.jobs.OrderedLock::acquire (7 bytes)
Event: 76.089 Thread 0x00000185e56076d0 nmethod 7361 0x00000185d14e9310 code [0x00000185d14e94c0, 0x00000185d14e9620]
Event: 76.089 Thread 0x00000185e56076d0 7362       3       org.eclipse.core.internal.jobs.OrderedLock::acquire (83 bytes)
Event: 76.092 Thread 0x00000185e56076d0 nmethod 7362 0x00000185d14e9710 code [0x00000185d14e99c0, 0x00000185d14ea570]
Event: 76.092 Thread 0x00000185e56076d0 7365       1       lombok.eclipse.handlers.EclipseHandlerUtil$GetterMethod::access$1 (5 bytes)
Event: 76.092 Thread 0x00000185e56076d0 nmethod 7365 0x00000185d850d690 code [0x00000185d850d820, 0x00000185d850d8d0]
Event: 76.092 Thread 0x00000185e56076d0 7366       1       org.eclipse.jdt.internal.compiler.ASTVisitor::visit (2 bytes)
Event: 76.092 Thread 0x00000185e56076d0 nmethod 7366 0x00000185d850d990 code [0x00000185d850db20, 0x00000185d850dbe8]
Event: 76.094 Thread 0x00000185e56076d0 7367       3       lombok.eclipse.EclipseNode::findAnnotation (18 bytes)
Event: 76.094 Thread 0x00000185e56076d0 nmethod 7367 0x00000185d14eaa10 code [0x00000185d14eabe0, 0x00000185d14eadc8]
Event: 77.116 Thread 0x00000185e56076d0 7368       1       org.eclipse.jdt.internal.core.ImportDeclarationElementInfo::setNameSourceStart (6 bytes)
Event: 77.116 Thread 0x00000185e56076d0 nmethod 7368 0x00000185d850dc90 code [0x00000185d850de20, 0x00000185d850dee8]
Event: 77.116 Thread 0x00000185e56076d0 7369       1       org.eclipse.jdt.internal.core.ImportDeclarationElementInfo::setNameSourceEnd (6 bytes)
Event: 77.116 Thread 0x00000185e56076d0 nmethod 7369 0x00000185d850df90 code [0x00000185d850e120, 0x00000185d850e1e8]
Event: 77.124 Thread 0x00000185e56076d0 7370       3       org.eclipse.jdt.internal.core.JavaElementDeltaBuilder::removeElementInfo (12 bytes)
Event: 78.142 Thread 0x00000185e56076d0 nmethod 7370 0x00000185d14eae90 code [0x00000185d14eb040, 0x00000185d14eb218]
Event: 78.148 Thread 0x00000185e56076d0 7371   !   3       org.eclipse.jdt.internal.core.JavaElementDeltaBuilder::findAdditions (144 bytes)
Event: 80.184 Thread 0x00000185ea8370e0 7378       4       org.eclipse.jdt.core.compiler.CharOperation::concatWith (127 bytes)

GC Heap History (20 events):
Event: 19.250 GC heap before
{Heap before GC invocations=21 (full 2):
 PSYoungGen      total 22528K, used 22016K [0x00000000d5580000, 0x00000000d6e00000, 0x0000000100000000)
  eden space 21504K, 100% used [0x00000000d5580000,0x00000000d6a80000,0x00000000d6a80000)
  from space 1024K, 50% used [0x00000000d6d00000,0x00000000d6d80010,0x00000000d6e00000)
  to   space 1024K, 0% used [0x00000000d6c00000,0x00000000d6c00000,0x00000000d6d00000)
 ParOldGen       total 68608K, used 27768K [0x0000000080000000, 0x0000000084300000, 0x00000000d5580000)
  object space 68608K, 40% used [0x0000000080000000,0x0000000081b1e1e8,0x0000000084300000)
 Metaspace       used 37701K, committed 38720K, reserved 1114112K
  class space    used 3851K, committed 4352K, reserved 1048576K
}
Event: 19.254 GC heap after
{Heap after GC invocations=21 (full 2):
 PSYoungGen      total 22528K, used 1023K [0x00000000d5580000, 0x00000000d6e80000, 0x0000000100000000)
  eden space 21504K, 0% used [0x00000000d5580000,0x00000000d5580000,0x00000000d6a80000)
  from space 1024K, 99% used [0x00000000d6c00000,0x00000000d6cffeb0,0x00000000d6d00000)
  to   space 1536K, 0% used [0x00000000d6d00000,0x00000000d6d00000,0x00000000d6e80000)
 ParOldGen       total 68608K, used 28286K [0x0000000080000000, 0x0000000084300000, 0x00000000d5580000)
  object space 68608K, 41% used [0x0000000080000000,0x0000000081b9fba8,0x0000000084300000)
 Metaspace       used 37701K, committed 38720K, reserved 1114112K
  class space    used 3851K, committed 4352K, reserved 1048576K
}
Event: 19.476 GC heap before
{Heap before GC invocations=22 (full 2):
 PSYoungGen      total 22528K, used 22527K [0x00000000d5580000, 0x00000000d6e80000, 0x0000000100000000)
  eden space 21504K, 100% used [0x00000000d5580000,0x00000000d6a80000,0x00000000d6a80000)
  from space 1024K, 99% used [0x00000000d6c00000,0x00000000d6cffeb0,0x00000000d6d00000)
  to   space 1536K, 0% used [0x00000000d6d00000,0x00000000d6d00000,0x00000000d6e80000)
 ParOldGen       total 68608K, used 28286K [0x0000000080000000, 0x0000000084300000, 0x00000000d5580000)
  object space 68608K, 41% used [0x0000000080000000,0x0000000081b9fba8,0x0000000084300000)
 Metaspace       used 38348K, committed 39296K, reserved 1114112K
  class space    used 3904K, committed 4352K, reserved 1048576K
}
Event: 19.479 GC heap after
{Heap after GC invocations=22 (full 2):
 PSYoungGen      total 22528K, used 1533K [0x00000000d5580000, 0x00000000d7080000, 0x0000000100000000)
  eden space 20992K, 0% used [0x00000000d5580000,0x00000000d5580000,0x00000000d6a00000)
  from space 1536K, 99% used [0x00000000d6d00000,0x00000000d6e7f448,0x00000000d6e80000)
  to   space 3072K, 0% used [0x00000000d6a00000,0x00000000d6a00000,0x00000000d6d00000)
 ParOldGen       total 68608K, used 29129K [0x0000000080000000, 0x0000000084300000, 0x00000000d5580000)
  object space 68608K, 42% used [0x0000000080000000,0x0000000081c72448,0x0000000084300000)
 Metaspace       used 38348K, committed 39296K, reserved 1114112K
  class space    used 3904K, committed 4352K, reserved 1048576K
}
Event: 20.182 GC heap before
{Heap before GC invocations=23 (full 2):
 PSYoungGen      total 22528K, used 22514K [0x00000000d5580000, 0x00000000d7080000, 0x0000000100000000)
  eden space 20992K, 99% used [0x00000000d5580000,0x00000000d69fd7a8,0x00000000d6a00000)
  from space 1536K, 99% used [0x00000000d6d00000,0x00000000d6e7f448,0x00000000d6e80000)
  to   space 3072K, 0% used [0x00000000d6a00000,0x00000000d6a00000,0x00000000d6d00000)
 ParOldGen       total 68608K, used 29129K [0x0000000080000000, 0x0000000084300000, 0x00000000d5580000)
  object space 68608K, 42% used [0x0000000080000000,0x0000000081c72448,0x0000000084300000)
 Metaspace       used 40093K, committed 41024K, reserved 1114112K
  class space    used 4070K, committed 4544K, reserved 1048576K
}
Event: 20.185 GC heap after
{Heap after GC invocations=23 (full 2):
 PSYoungGen      total 23040K, used 1549K [0x00000000d5580000, 0x00000000d6e00000, 0x0000000100000000)
  eden space 20992K, 0% used [0x00000000d5580000,0x00000000d5580000,0x00000000d6a00000)
  from space 2048K, 75% used [0x00000000d6a00000,0x00000000d6b83510,0x00000000d6c00000)
  to   space 2048K, 0% used [0x00000000d6c00000,0x00000000d6c00000,0x00000000d6e00000)
 ParOldGen       total 68608K, used 29897K [0x0000000080000000, 0x0000000084300000, 0x00000000d5580000)
  object space 68608K, 43% used [0x0000000080000000,0x0000000081d32468,0x0000000084300000)
 Metaspace       used 40093K, committed 41024K, reserved 1114112K
  class space    used 4070K, committed 4544K, reserved 1048576K
}
Event: 21.189 GC heap before
{Heap before GC invocations=24 (full 2):
 PSYoungGen      total 23040K, used 22541K [0x00000000d5580000, 0x00000000d6e00000, 0x0000000100000000)
  eden space 20992K, 100% used [0x00000000d5580000,0x00000000d6a00000,0x00000000d6a00000)
  from space 2048K, 75% used [0x00000000d6a00000,0x00000000d6b83510,0x00000000d6c00000)
  to   space 2048K, 0% used [0x00000000d6c00000,0x00000000d6c00000,0x00000000d6e00000)
 ParOldGen       total 68608K, used 29897K [0x0000000080000000, 0x0000000084300000, 0x00000000d5580000)
  object space 68608K, 43% used [0x0000000080000000,0x0000000081d32468,0x0000000084300000)
 Metaspace       used 41202K, committed 42304K, reserved 1114112K
  class space    used 4170K, committed 4672K, reserved 1048576K
}
Event: 21.191 GC heap after
{Heap after GC invocations=24 (full 2):
 PSYoungGen      total 22528K, used 1032K [0x00000000d5580000, 0x00000000d6d80000, 0x0000000100000000)
  eden space 20992K, 0% used [0x00000000d5580000,0x00000000d5580000,0x00000000d6a00000)
  from space 1536K, 67% used [0x00000000d6c00000,0x00000000d6d021f8,0x00000000d6d80000)
  to   space 1536K, 0% used [0x00000000d6a80000,0x00000000d6a80000,0x00000000d6c00000)
 ParOldGen       total 68608K, used 31236K [0x0000000080000000, 0x0000000084300000, 0x00000000d5580000)
  object space 68608K, 45% used [0x0000000080000000,0x0000000081e813b8,0x0000000084300000)
 Metaspace       used 41202K, committed 42304K, reserved 1114112K
  class space    used 4170K, committed 4672K, reserved 1048576K
}
Event: 24.452 GC heap before
{Heap before GC invocations=25 (full 2):
 PSYoungGen      total 22528K, used 22024K [0x00000000d5580000, 0x00000000d6d80000, 0x0000000100000000)
  eden space 20992K, 100% used [0x00000000d5580000,0x00000000d6a00000,0x00000000d6a00000)
  from space 1536K, 67% used [0x00000000d6c00000,0x00000000d6d021f8,0x00000000d6d80000)
  to   space 1536K, 0% used [0x00000000d6a80000,0x00000000d6a80000,0x00000000d6c00000)
 ParOldGen       total 68608K, used 31236K [0x0000000080000000, 0x0000000084300000, 0x00000000d5580000)
  object space 68608K, 45% used [0x0000000080000000,0x0000000081e813b8,0x0000000084300000)
 Metaspace       used 41721K, committed 42752K, reserved 1114112K
  class space    used 4202K, committed 4672K, reserved 1048576K
}
Event: 24.456 GC heap after
{Heap after GC invocations=25 (full 2):
 PSYoungGen      total 21504K, used 480K [0x00000000d5580000, 0x00000000d6c80000, 0x0000000100000000)
  eden space 20992K, 0% used [0x00000000d5580000,0x00000000d5580000,0x00000000d6a00000)
  from space 512K, 93% used [0x00000000d6a80000,0x00000000d6af8020,0x00000000d6b00000)
  to   space 1024K, 0% used [0x00000000d6b80000,0x00000000d6b80000,0x00000000d6c80000)
 ParOldGen       total 68608K, used 31887K [0x0000000080000000, 0x0000000084300000, 0x00000000d5580000)
  object space 68608K, 46% used [0x0000000080000000,0x0000000081f23cd8,0x0000000084300000)
 Metaspace       used 41721K, committed 42752K, reserved 1114112K
  class space    used 4202K, committed 4672K, reserved 1048576K
}
Event: 28.353 GC heap before
{Heap before GC invocations=26 (full 2):
 PSYoungGen      total 21504K, used 21472K [0x00000000d5580000, 0x00000000d6c80000, 0x0000000100000000)
  eden space 20992K, 100% used [0x00000000d5580000,0x00000000d6a00000,0x00000000d6a00000)
  from space 512K, 93% used [0x00000000d6a80000,0x00000000d6af8020,0x00000000d6b00000)
  to   space 1024K, 0% used [0x00000000d6b80000,0x00000000d6b80000,0x00000000d6c80000)
 ParOldGen       total 68608K, used 31887K [0x0000000080000000, 0x0000000084300000, 0x00000000d5580000)
  object space 68608K, 46% used [0x0000000080000000,0x0000000081f23cd8,0x0000000084300000)
 Metaspace       used 43449K, committed 44608K, reserved 1114112K
  class space    used 4422K, committed 4928K, reserved 1048576K
}
Event: 28.354 GC heap after
{Heap after GC invocations=26 (full 2):
 PSYoungGen      total 22016K, used 992K [0x00000000d5580000, 0x00000000d6d00000, 0x0000000100000000)
  eden space 20992K, 0% used [0x00000000d5580000,0x00000000d5580000,0x00000000d6a00000)
  from space 1024K, 96% used [0x00000000d6b80000,0x00000000d6c78040,0x00000000d6c80000)
  to   space 1536K, 0% used [0x00000000d6a00000,0x00000000d6a00000,0x00000000d6b80000)
 ParOldGen       total 68608K, used 32151K [0x0000000080000000, 0x0000000084300000, 0x00000000d5580000)
  object space 68608K, 46% used [0x0000000080000000,0x0000000081f65d08,0x0000000084300000)
 Metaspace       used 43449K, committed 44608K, reserved 1114112K
  class space    used 4422K, committed 4928K, reserved 1048576K
}
Event: 35.773 GC heap before
{Heap before GC invocations=27 (full 2):
 PSYoungGen      total 22016K, used 21984K [0x00000000d5580000, 0x00000000d6d00000, 0x0000000100000000)
  eden space 20992K, 100% used [0x00000000d5580000,0x00000000d6a00000,0x00000000d6a00000)
  from space 1024K, 96% used [0x00000000d6b80000,0x00000000d6c78040,0x00000000d6c80000)
  to   space 1536K, 0% used [0x00000000d6a00000,0x00000000d6a00000,0x00000000d6b80000)
 ParOldGen       total 68608K, used 32151K [0x0000000080000000, 0x0000000084300000, 0x00000000d5580000)
  object space 68608K, 46% used [0x0000000080000000,0x0000000081f65d08,0x0000000084300000)
 Metaspace       used 43676K, committed 44800K, reserved 1114112K
  class space    used 4424K, committed 4928K, reserved 1048576K
}
Event: 35.779 GC heap after
{Heap after GC invocations=27 (full 2):
 PSYoungGen      total 22016K, used 624K [0x00000000d5580000, 0x00000000d6c00000, 0x0000000100000000)
  eden space 20992K, 0% used [0x00000000d5580000,0x00000000d5580000,0x00000000d6a00000)
  from space 1024K, 60% used [0x00000000d6a00000,0x00000000d6a9c010,0x00000000d6b00000)
  to   space 1024K, 0% used [0x00000000d6b00000,0x00000000d6b00000,0x00000000d6c00000)
 ParOldGen       total 68608K, used 33068K [0x0000000080000000, 0x0000000084300000, 0x00000000d5580000)
  object space 68608K, 48% used [0x0000000080000000,0x000000008204b330,0x0000000084300000)
 Metaspace       used 43676K, committed 44800K, reserved 1114112K
  class space    used 4424K, committed 4928K, reserved 1048576K
}
Event: 40.760 GC heap before
{Heap before GC invocations=28 (full 2):
 PSYoungGen      total 22016K, used 21616K [0x00000000d5580000, 0x00000000d6c00000, 0x0000000100000000)
  eden space 20992K, 100% used [0x00000000d5580000,0x00000000d6a00000,0x00000000d6a00000)
  from space 1024K, 60% used [0x00000000d6a00000,0x00000000d6a9c010,0x00000000d6b00000)
  to   space 1024K, 0% used [0x00000000d6b00000,0x00000000d6b00000,0x00000000d6c00000)
 ParOldGen       total 68608K, used 33068K [0x0000000080000000, 0x0000000084300000, 0x00000000d5580000)
  object space 68608K, 48% used [0x0000000080000000,0x000000008204b330,0x0000000084300000)
 Metaspace       used 43853K, committed 44992K, reserved 1114112K
  class space    used 4426K, committed 4928K, reserved 1048576K
}
Event: 40.764 GC heap after
{Heap after GC invocations=28 (full 2):
 PSYoungGen      total 21504K, used 320K [0x00000000d5580000, 0x00000000d6b80000, 0x0000000100000000)
  eden space 20992K, 0% used [0x00000000d5580000,0x00000000d5580000,0x00000000d6a00000)
  from space 512K, 62% used [0x00000000d6b00000,0x00000000d6b50000,0x00000000d6b80000)
  to   space 512K, 0% used [0x00000000d6a80000,0x00000000d6a80000,0x00000000d6b00000)
 ParOldGen       total 68608K, used 33489K [0x0000000080000000, 0x0000000084300000, 0x00000000d5580000)
  object space 68608K, 48% used [0x0000000080000000,0x00000000820b4470,0x0000000084300000)
 Metaspace       used 43853K, committed 44992K, reserved 1114112K
  class space    used 4426K, committed 4928K, reserved 1048576K
}
Event: 60.841 GC heap before
{Heap before GC invocations=29 (full 2):
 PSYoungGen      total 21504K, used 21312K [0x00000000d5580000, 0x00000000d6b80000, 0x0000000100000000)
  eden space 20992K, 100% used [0x00000000d5580000,0x00000000d6a00000,0x00000000d6a00000)
  from space 512K, 62% used [0x00000000d6b00000,0x00000000d6b50000,0x00000000d6b80000)
  to   space 512K, 0% used [0x00000000d6a80000,0x00000000d6a80000,0x00000000d6b00000)
 ParOldGen       total 68608K, used 33489K [0x0000000080000000, 0x0000000084300000, 0x00000000d5580000)
  object space 68608K, 48% used [0x0000000080000000,0x00000000820b4470,0x0000000084300000)
 Metaspace       used 44067K, committed 45120K, reserved 1114112K
  class space    used 4441K, committed 4928K, reserved 1048576K
}
Event: 60.847 GC heap after
{Heap after GC invocations=29 (full 2):
 PSYoungGen      total 21504K, used 480K [0x00000000d5580000, 0x00000000d6c00000, 0x0000000100000000)
  eden space 20992K, 0% used [0x00000000d5580000,0x00000000d5580000,0x00000000d6a00000)
  from space 512K, 93% used [0x00000000d6a80000,0x00000000d6af8000,0x00000000d6b00000)
  to   space 1024K, 0% used [0x00000000d6b00000,0x00000000d6b00000,0x00000000d6c00000)
 ParOldGen       total 68608K, used 34422K [0x0000000080000000, 0x0000000084300000, 0x00000000d5580000)
  object space 68608K, 50% used [0x0000000080000000,0x000000008219d980,0x0000000084300000)
 Metaspace       used 44067K, committed 45120K, reserved 1114112K
  class space    used 4441K, committed 4928K, reserved 1048576K
}
Event: 76.095 GC heap before
{Heap before GC invocations=30 (full 2):
 PSYoungGen      total 21504K, used 21472K [0x00000000d5580000, 0x00000000d6c00000, 0x0000000100000000)
  eden space 20992K, 100% used [0x00000000d5580000,0x00000000d6a00000,0x00000000d6a00000)
  from space 512K, 93% used [0x00000000d6a80000,0x00000000d6af8000,0x00000000d6b00000)
  to   space 1024K, 0% used [0x00000000d6b00000,0x00000000d6b00000,0x00000000d6c00000)
 ParOldGen       total 68608K, used 34422K [0x0000000080000000, 0x0000000084300000, 0x00000000d5580000)
  object space 68608K, 50% used [0x0000000080000000,0x000000008219d980,0x0000000084300000)
 Metaspace       used 44196K, committed 45312K, reserved 1114112K
  class space    used 4445K, committed 4928K, reserved 1048576K
}
Event: 76.097 GC heap after
{Heap after GC invocations=30 (full 2):
 PSYoungGen      total 21504K, used 496K [0x00000000d5580000, 0x00000000d6b80000, 0x0000000100000000)
  eden space 20992K, 0% used [0x00000000d5580000,0x00000000d5580000,0x00000000d6a00000)
  from space 512K, 96% used [0x00000000d6b00000,0x00000000d6b7c030,0x00000000d6b80000)
  to   space 512K, 0% used [0x00000000d6a80000,0x00000000d6a80000,0x00000000d6b00000)
 ParOldGen       total 68608K, used 34635K [0x0000000080000000, 0x0000000084300000, 0x00000000d5580000)
  object space 68608K, 50% used [0x0000000080000000,0x00000000821d2e00,0x0000000084300000)
 Metaspace       used 44196K, committed 45312K, reserved 1114112K
  class space    used 4445K, committed 4928K, reserved 1048576K
}

Dll operation events (12 events):
Event: 0.013 Loaded shared library c:\Users\babao\.vscode\extensions\redhat.java-1.53.0-win32-x64\jre\21.0.10-win32-x86_64\bin\java.dll
Event: 0.065 Loaded shared library c:\Users\babao\.vscode\extensions\redhat.java-1.53.0-win32-x64\jre\21.0.10-win32-x86_64\bin\zip.dll
Event: 0.205 Loaded shared library C:\Users\babao\.vscode\extensions\redhat.java-1.53.0-win32-x64\jre\21.0.10-win32-x86_64\bin\instrument.dll
Event: 0.213 Loaded shared library C:\Users\babao\.vscode\extensions\redhat.java-1.53.0-win32-x64\jre\21.0.10-win32-x86_64\bin\net.dll
Event: 0.216 Loaded shared library C:\Users\babao\.vscode\extensions\redhat.java-1.53.0-win32-x64\jre\21.0.10-win32-x86_64\bin\nio.dll
Event: 0.223 Loaded shared library C:\Users\babao\.vscode\extensions\redhat.java-1.53.0-win32-x64\jre\21.0.10-win32-x86_64\bin\zip.dll
Event: 0.261 Loaded shared library C:\Users\babao\.vscode\extensions\redhat.java-1.53.0-win32-x64\jre\21.0.10-win32-x86_64\bin\jimage.dll
Event: 0.499 Loaded shared library c:\Users\babao\.vscode\extensions\redhat.java-1.53.0-win32-x64\jre\21.0.10-win32-x86_64\bin\verify.dll
Event: 2.346 Loaded shared library C:\Users\babao\AppData\Roaming\Code\User\globalStorage\redhat.java\1.53.0\config_ss_win\org.eclipse.equinox.launcher\org.eclipse.equinox.launcher.win32.win32.x86_64_1.3.0.v20260203-2149\eclipse_11919.dll
Event: 3.947 Loaded shared library C:\Users\babao\.vscode\extensions\redhat.java-1.53.0-win32-x64\jre\21.0.10-win32-x86_64\bin\management.dll
Event: 4.145 Loaded shared library C:\Users\babao\.vscode\extensions\redhat.java-1.53.0-win32-x64\jre\21.0.10-win32-x86_64\bin\management_ext.dll
Event: 8.257 Loaded shared library C:\Users\babao\AppData\Local\Temp\jna-93492081\jna8352782327119061056.dll

Deoptimization events (20 events):
Event: 73.577 Thread 0x00000185ea752f10 Uncommon trap: trap_request=0xffffffbe fr.pc=0x00000185d8509ca8 relative=0x0000000000000108
Event: 73.577 Thread 0x00000185ea752f10 Uncommon trap: reason=profile_predicate action=maybe_recompile pc=0x00000185d8509ca8 method=org.eclipse.jdt.core.compiler.CharOperation.splitAndTrimOn(C[C)[[C @ 175 c2
Event: 73.577 Thread 0x00000185ea752f10 DEOPT PACKING pc=0x00000185d8509ca8 sp=0x00000080209fe520
Event: 73.577 Thread 0x00000185ea752f10 DEOPT UNPACKING pc=0x00000185d7b06da2 sp=0x00000080209fe488 mode 2
Event: 75.078 Thread 0x00000185eb7b5bc0 Uncommon trap: trap_request=0xffffffde fr.pc=0x00000185d840fdcc relative=0x00000000000002ec
Event: 76.073 Thread 0x00000185eb7b5bc0 Uncommon trap: reason=class_check action=maybe_recompile pc=0x00000185d840fdcc method=java.util.regex.Pattern$Slice.match(Ljava/util/regex/Matcher;ILjava/lang/CharSequence;)Z @ 75 c2
Event: 76.089 Thread 0x00000185eb7b5bc0 DEOPT PACKING pc=0x00000185d840fdcc sp=0x00000080218fd070
Event: 76.089 Thread 0x00000185eb7b5bc0 DEOPT UNPACKING pc=0x00000185d7b06da2 sp=0x00000080218fcff0 mode 2
Event: 76.089 Thread 0x00000185eb7b5bc0 Uncommon trap: trap_request=0xffffffde fr.pc=0x00000185d840fdcc relative=0x00000000000002ec
Event: 76.089 Thread 0x00000185eb7b5bc0 Uncommon trap: reason=class_check action=maybe_recompile pc=0x00000185d840fdcc method=java.util.regex.Pattern$Slice.match(Ljava/util/regex/Matcher;ILjava/lang/CharSequence;)Z @ 75 c2
Event: 76.089 Thread 0x00000185eb7b5bc0 DEOPT PACKING pc=0x00000185d840fdcc sp=0x00000080218fd060
Event: 76.089 Thread 0x00000185eb7b5bc0 DEOPT UNPACKING pc=0x00000185d7b06da2 sp=0x00000080218fcfe0 mode 2
Event: 76.089 Thread 0x00000185eb7b5bc0 Uncommon trap: trap_request=0xffffffde fr.pc=0x00000185d840fdcc relative=0x00000000000002ec
Event: 76.089 Thread 0x00000185eb7b5bc0 Uncommon trap: reason=class_check action=maybe_recompile pc=0x00000185d840fdcc method=java.util.regex.Pattern$Slice.match(Ljava/util/regex/Matcher;ILjava/lang/CharSequence;)Z @ 75 c2
Event: 76.089 Thread 0x00000185eb7b5bc0 DEOPT PACKING pc=0x00000185d840fdcc sp=0x00000080218fd060
Event: 76.089 Thread 0x00000185eb7b5bc0 DEOPT UNPACKING pc=0x00000185d7b06da2 sp=0x00000080218fcfe0 mode 2
Event: 76.089 Thread 0x00000185eb7b5bc0 Uncommon trap: trap_request=0xffffffde fr.pc=0x00000185d840fdcc relative=0x00000000000002ec
Event: 76.089 Thread 0x00000185eb7b5bc0 Uncommon trap: reason=class_check action=maybe_recompile pc=0x00000185d840fdcc method=java.util.regex.Pattern$Slice.match(Ljava/util/regex/Matcher;ILjava/lang/CharSequence;)Z @ 75 c2
Event: 76.089 Thread 0x00000185eb7b5bc0 DEOPT PACKING pc=0x00000185d840fdcc sp=0x00000080218fd060
Event: 76.089 Thread 0x00000185eb7b5bc0 DEOPT UNPACKING pc=0x00000185d7b06da2 sp=0x00000080218fcfe0 mode 2

Classes loaded (20 events):
Event: 23.984 Loading class java/util/stream/ReferencePipeline$4$1
Event: 23.984 Loading class java/util/stream/ReferencePipeline$4$1 done
Event: 25.951 Loading class sun/reflect/misc/ReflectUtil
Event: 25.954 Loading class sun/reflect/misc/ReflectUtil done
Event: 25.979 Loading class java/util/concurrent/CompletableFuture$UniApply
Event: 25.988 Loading class java/util/concurrent/CompletableFuture$UniCompletion
Event: 25.988 Loading class java/util/concurrent/CompletableFuture$UniCompletion done
Event: 25.988 Loading class java/util/concurrent/CompletableFuture$UniApply done
Event: 25.990 Loading class java/util/concurrent/CancellationException
Event: 25.990 Loading class java/util/concurrent/CancellationException done
Event: 25.999 Loading class java/util/concurrent/CompletableFuture$UniAccept
Event: 25.999 Loading class java/util/concurrent/CompletableFuture$UniAccept done
Event: 26.000 Loading class java/util/concurrent/CompletableFuture$UniExceptionally
Event: 26.000 Loading class java/util/concurrent/CompletableFuture$UniExceptionally done
Event: 26.356 Loading class java/lang/UnsupportedClassVersionError
Event: 26.366 Loading class java/lang/UnsupportedClassVersionError done
Event: 26.621 Loading class java/util/regex/Pattern$Behind
Event: 26.628 Loading class java/util/regex/Pattern$Behind done
Event: 26.629 Loading class java/util/regex/Pattern$Neg
Event: 26.629 Loading class java/util/regex/Pattern$Neg done

Classes unloaded (7 events):
Event: 5.991 Thread 0x00000185cd424960 Unloading class 0x0000018581190800 'java/lang/invoke/LambdaForm$MH+0x0000018581190800'
Event: 5.991 Thread 0x00000185cd424960 Unloading class 0x0000018581190400 'java/lang/invoke/LambdaForm$MH+0x0000018581190400'
Event: 5.991 Thread 0x00000185cd424960 Unloading class 0x0000018581190000 'java/lang/invoke/LambdaForm$MH+0x0000018581190000'
Event: 5.991 Thread 0x00000185cd424960 Unloading class 0x000001858118fc00 'java/lang/invoke/LambdaForm$MH+0x000001858118fc00'
Event: 5.991 Thread 0x00000185cd424960 Unloading class 0x000001858118f800 'java/lang/invoke/LambdaForm$BMH+0x000001858118f800'
Event: 5.991 Thread 0x00000185cd424960 Unloading class 0x000001858118f400 'java/lang/invoke/LambdaForm$DMH+0x000001858118f400'
Event: 5.991 Thread 0x00000185cd424960 Unloading class 0x000001858118e400 'java/lang/invoke/LambdaForm$DMH+0x000001858118e400'

Classes redefined (0 events):
No events

Internal exceptions (20 events):
Event: 19.245 Thread 0x00000185ea752880 Exception <a 'java/io/FileNotFoundException'{0x00000000d69ab300}> (0x00000000d69ab300) 
thrown [s\src\hotspot\share\prims\jni.cpp, line 520]
Event: 19.246 Thread 0x00000185ea752880 Exception <a 'java/io/FileNotFoundException'{0x00000000d69ac878}> (0x00000000d69ac878) 
thrown [s\src\hotspot\share\prims\jni.cpp, line 520]
Event: 19.246 Thread 0x00000185ea752880 Exception <a 'java/io/FileNotFoundException'{0x00000000d69add48}> (0x00000000d69add48) 
thrown [s\src\hotspot\share\prims\jni.cpp, line 520]
Event: 19.408 Thread 0x00000185eb7b3460 Exception <a 'java/lang/NoSuchMethodError'{0x00000000d6070f68}: 'java.lang.Object java.lang.invoke.DirectMethodHandle$Holder.invokeSpecial(java.lang.Object, java.lang.Object, int, long)'> (0x00000000d6070f68) 
thrown [s\src\hotspot\share\interpreter\linkResolver.cpp, line 773]
Event: 19.513 Thread 0x00000185ea752880 Exception <a 'sun/nio/fs/WindowsException'{0x00000000d5da8838}> (0x00000000d5da8838) 
thrown [s\src\hotspot\share\prims\jni.cpp, line 520]
Event: 19.514 Thread 0x00000185ea752880 Exception <a 'sun/nio/fs/WindowsException'{0x00000000d5da8e68}> (0x00000000d5da8e68) 
thrown [s\src\hotspot\share\prims\jni.cpp, line 520]
Event: 20.056 Thread 0x00000185ea752880 Exception <a 'java/lang/NoSuchMethodError'{0x00000000d66eb7d0}: 'java.lang.Object java.lang.invoke.DirectMethodHandle$Holder.invokeStatic(java.lang.Object, int, java.lang.Object, java.lang.Object)'> (0x00000000d66eb7d0) 
thrown [s\src\hotspot\share\interpreter\linkResolver.cpp, line 773]
Event: 20.056 Thread 0x00000185ea752880 Exception <a 'java/lang/NoSuchMethodError'{0x00000000d66ef5c8}: 'java.lang.Object java.lang.invoke.DelegatingMethodHandle$Holder.delegate(java.lang.Object, int, java.lang.Object, java.lang.Object)'> (0x00000000d66ef5c8) 
thrown [s\src\hotspot\share\interpreter\linkResolver.cpp, line 773]
Event: 20.058 Thread 0x00000185ea752880 Implicit null exception at 0x00000185d821fd64 to 0x00000185d8220038
Event: 20.060 Thread 0x00000185ea752880 Exception <a 'java/lang/NoSuchMethodError'{0x00000000d67036b8}: 'int java.lang.invoke.Invokers$Holder.linkToTargetMethod(java.lang.Object, java.lang.Object, java.lang.Object)'> (0x00000000d67036b8) 
thrown [s\src\hotspot\share\interpreter\linkResolver.cpp, line 773]
Event: 25.958 Thread 0x00000185eb7b5bc0 Exception <a 'java/lang/IncompatibleClassChangeError'{0x00000000d5e18bd0}: Found class java.lang.Object, but interface was expected> (0x00000000d5e18bd0) 
thrown [s\src\hotspot\share\interpreter\linkResolver.cpp, line 840]
Event: 26.106 Thread 0x00000185eb7b6f70 Exception <a 'java/lang/NoSuchMethodError'{0x00000000d6092290}: 'void java.lang.invoke.DirectMethodHandle$Holder.invokeSpecial(java.lang.Object, java.lang.Object, int)'> (0x00000000d6092290) 
thrown [s\src\hotspot\share\interpreter\linkResolver.cpp, line 773]
Event: 26.106 Thread 0x00000185eb7b68e0 Exception <a 'java/lang/NoSuchMethodError'{0x00000000d6083710}: 'void java.lang.invoke.DirectMethodHandle$Holder.invokeSpecial(java.lang.Object, java.lang.Object, int)'> (0x00000000d6083710) 
thrown [s\src\hotspot\share\interpreter\linkResolver.cpp, line 773]
Event: 26.372 Thread 0x00000185eb7b68e0 Exception <a 'java/lang/NoSuchMethodError'{0x00000000d6506468}: 'int java.lang.invoke.Invokers$Holder.invokeExact_MT(java.lang.Object, java.lang.Object)'> (0x00000000d6506468) 
thrown [s\src\hotspot\share\interpreter\linkResolver.cpp, line 773]
Event: 26.463 Thread 0x00000185eb7b6f70 Exception <a 'java/lang/LinkageError'{0x00000000d6676b50}: loader lombok.launch.ShadowClassLoader @1daa38d9 attempted duplicate class definition for lombok.eclipse.EcjAugments. (lombok.eclipse.EcjAugments is in unnamed module of loader lombok.launch.ShadowClassLoader @1daa38d9, parent loader org.eclipse.osgi.internal.loader.EquinoxClassLoader @47efe999)> (0x00000000d6676b50) 
thrown [s\src\hotspot\share\classfile\systemDictionary.cpp, line 1672]
Event: 26.466 Thread 0x00000185eb7b6f70 Exception <a 'java/lang/LinkageError'{0x00000000d667eaf8}: loader lombok.launch.ShadowClassLoader @1daa38d9 attempted duplicate class definition for lombok.eclipse.agent.PatchDiagnostics. (lombok.eclipse.agent.PatchDiagnostics is in unnamed module of loader lombok.launch.ShadowClassLoader @1daa38d9, parent loader org.eclipse.osgi.internal.loader.EquinoxClassLoader @47efe999)> (0x00000000d667eaf8) 
thrown [s\src\hotspot\share\classfile\systemDictionary.cpp, line 1672]
Event: 26.476 Thread 0x00000185eb7b68e0 Exception <a 'java/lang/LinkageError'{0x00000000d672de20}: loader lombok.launch.ShadowClassLoader @1daa38d9 attempted duplicate class definition for lombok.launch.PatchFixesHider$PatchFixes. (lombok.launch.PatchFixesHider$PatchFixes is in unnamed module of loader lombok.launch.ShadowClassLoader @1daa38d9, parent loader org.eclipse.osgi.internal.loader.EquinoxClassLoader @47efe999)> (0x00000000d672de20) 
thrown [s\src\hotspot\share\classfile\systemDictionary.cpp, line 1672]
Event: 59.533 Thread 0x00000185eb7b5bc0 Implicit null exception at 0x00000185d8319ed3 to 0x00000185d831a320
Event: 60.760 Thread 0x00000185ea752f10 Exception <a 'java/lang/NoSuchMethodError'{0x00000000d6800ad8}: 'java.lang.Object java.lang.invoke.DirectMethodHandle$Holder.invokeStatic(java.lang.Object, java.lang.Object, int, int)'> (0x00000000d6800ad8) 
thrown [s\src\hotspot\share\interpreter\linkResolver.cpp, line 773]
Event: 60.773 Thread 0x00000185ea752f10 Exception <a 'java/lang/NoSuchMethodError'{0x00000000d6804e68}: 'java.lang.Object java.lang.invoke.DirectMethodHandle$Holder.invokeSpecial(java.lang.Object, java.lang.Object, java.lang.Object, int, int)'> (0x00000000d6804e68) 
thrown [s\src\hotspot\share\interpreter\linkResolver.cpp, line 773]

ZGC Phase Switch (0 events):
No events

VM Operations (20 events):
Event: 60.062 Executing non-safepoint VM operation: HandshakeAllThreads (HandshakeForDeflation)
Event: 60.062 Executing non-safepoint VM operation: HandshakeAllThreads (HandshakeForDeflation) done
Event: 60.062 Executing non-safepoint VM operation: RendezvousGCThreads
Event: 60.062 Executing non-safepoint VM operation: RendezvousGCThreads done
Event: 60.841 Executing safepoint VM operation: ParallelGCFailedAllocation (Allocation Failure)
Event: 60.847 Executing safepoint VM operation: ParallelGCFailedAllocation (Allocation Failure) done
Event: 63.857 Executing safepoint VM operation: Cleanup
Event: 63.876 Executing safepoint VM operation: Cleanup done
Event: 64.876 Executing safepoint VM operation: Cleanup
Event: 64.876 Executing safepoint VM operation: Cleanup done
Event: 67.884 Executing safepoint VM operation: Cleanup
Event: 67.884 Executing safepoint VM operation: Cleanup done
Event: 73.926 Executing safepoint VM operation: Cleanup
Event: 73.926 Executing safepoint VM operation: Cleanup done
Event: 75.946 Executing safepoint VM operation: Cleanup
Event: 76.088 Executing safepoint VM operation: Cleanup done
Event: 76.095 Executing safepoint VM operation: ParallelGCFailedAllocation (Allocation Failure)
Event: 76.097 Executing safepoint VM operation: ParallelGCFailedAllocation (Allocation Failure) done
Event: 78.110 Executing safepoint VM operation: Cleanup
Event: 78.142 Executing safepoint VM operation: Cleanup done

Memory protections (0 events):
No events

Nmethod flushes (20 events):
Event: 16.362 Thread 0x00000185cd424960 flushing  nmethod 0x00000185d0943590
Event: 16.362 Thread 0x00000185cd424960 flushing  nmethod 0x00000185d09b3e10
Event: 16.362 Thread 0x00000185cd424960 flushing  nmethod 0x00000185d09b6810
Event: 16.362 Thread 0x00000185cd424960 flushing  nmethod 0x00000185d09cab10
Event: 16.362 Thread 0x00000185cd424960 flushing  nmethod 0x00000185d09cb410
Event: 16.362 Thread 0x00000185cd424960 flushing  nmethod 0x00000185d09cb810
Event: 16.362 Thread 0x00000185cd424960 flushing  nmethod 0x00000185d09dde90
Event: 16.362 Thread 0x00000185cd424960 flushing  nmethod 0x00000185d09de890
Event: 16.362 Thread 0x00000185cd424960 flushing  nmethod 0x00000185d09e4a90
Event: 16.362 Thread 0x00000185cd424960 flushing  nmethod 0x00000185d0a01910
Event: 16.362 Thread 0x00000185cd424960 flushing  nmethod 0x00000185d0a16210
Event: 16.362 Thread 0x00000185cd424960 flushing  nmethod 0x00000185d0a16610
Event: 16.362 Thread 0x00000185cd424960 flushing  nmethod 0x00000185d0a16f90
Event: 16.362 Thread 0x00000185cd424960 flushing  nmethod 0x00000185d0a17a10
Event: 16.362 Thread 0x00000185cd424960 flushing  nmethod 0x00000185d0a1f510
Event: 16.362 Thread 0x00000185cd424960 flushing  nmethod 0x00000185d0a25d90
Event: 16.362 Thread 0x00000185cd424960 flushing  nmethod 0x00000185d0a26290
Event: 16.362 Thread 0x00000185cd424960 flushing  nmethod 0x00000185d0a27890
Event: 16.362 Thread 0x00000185cd424960 flushing  nmethod 0x00000185d0a2ad90
Event: 16.362 Thread 0x00000185cd424960 flushing  nmethod 0x00000185d0a51b10

Events (20 events):
Event: 14.409 Thread 0x00000185ea836a10 Thread exited: 0x00000185ea836a10
Event: 24.025 Thread 0x00000185e56076d0 Thread added: 0x00000185ea8377b0
Event: 24.043 Thread 0x00000185cd3052d0 Thread added: 0x00000185ea834130
Event: 24.713 Thread 0x00000185ea834130 Thread exited: 0x00000185ea834130
Event: 24.885 Thread 0x00000185ea8377b0 Thread exited: 0x00000185ea8377b0
Event: 25.999 Thread 0x00000185eb7b5bc0 Thread added: 0x00000185eb7b68e0
Event: 26.002 Thread 0x00000185eb7b5bc0 Thread added: 0x00000185eb7b6f70
Event: 26.495 Thread 0x00000185e56076d0 Thread added: 0x00000185ea834ed0
Event: 26.495 Thread 0x00000185e56076d0 Thread added: 0x00000185ea8370e0
Event: 26.606 Thread 0x00000185ea8370e0 Thread exited: 0x00000185ea8370e0
Event: 28.338 Thread 0x00000185ea834ed0 Thread exited: 0x00000185ea834ed0
Event: 28.357 Thread 0x00000185e56076d0 Thread added: 0x00000185ea835c70
Event: 28.380 Thread 0x00000185e56076d0 Thread added: 0x00000185ea836340
Event: 28.671 Thread 0x00000185ea836340 Thread exited: 0x00000185ea836340
Event: 28.672 Thread 0x00000185ea835c70 Thread exited: 0x00000185ea835c70
Event: 39.711 Thread 0x00000185e56076d0 Thread added: 0x00000185ea835c70
Event: 44.138 Thread 0x00000185ea835c70 Thread exited: 0x00000185ea835c70
Event: 44.936 Thread 0x00000185e56076d0 Thread added: 0x00000185ea8370e0
Event: 45.678 Thread 0x00000185ea8370e0 Thread exited: 0x00000185ea8370e0
Event: 78.148 Thread 0x00000185e56076d0 Thread added: 0x00000185ea8370e0


Dynamic libraries:
0x00007ff7fc760000 - 0x00007ff7fc76e000 	c:\Users\babao\.vscode\extensions\redhat.java-1.53.0-win32-x64\jre\21.0.10-win32-x86_64\bin\java.exe
0x00007ffc62540000 - 0x00007ffc627a7000 	C:\WINDOWS\SYSTEM32\ntdll.dll
0x00007ffc611d0000 - 0x00007ffc61299000 	C:\WINDOWS\System32\KERNEL32.DLL
0x00007ffc5f670000 - 0x00007ffc5fa61000 	C:\WINDOWS\System32\KERNELBASE.dll
0x00007ffc5b6d0000 - 0x00007ffc5b76f000 	C:\WINDOWS\SYSTEM32\apphelp.dll
0x00007ffc5eee0000 - 0x00007ffc5f02b000 	C:\WINDOWS\System32\ucrtbase.dll
0x00007ffc56520000 - 0x00007ffc5653e000 	c:\Users\babao\.vscode\extensions\redhat.java-1.53.0-win32-x64\jre\21.0.10-win32-x86_64\bin\VCRUNTIME140.dll
0x00007ffc4ffc0000 - 0x00007ffc4ffd8000 	c:\Users\babao\.vscode\extensions\redhat.java-1.53.0-win32-x64\jre\21.0.10-win32-x86_64\bin\jli.dll
0x00007ffc62310000 - 0x00007ffc624d5000 	C:\WINDOWS\System32\USER32.dll
0x00007ffc50870000 - 0x00007ffc50b03000 	C:\WINDOWS\WinSxS\amd64_microsoft.windows.common-controls_6595b64144ccf1df_6.0.26100.7922_none_3e089e1ee3342171\COMCTL32.dll
0x00007ffc5f0e0000 - 0x00007ffc5f107000 	C:\WINDOWS\System32\win32u.dll
0x00007ffc60580000 - 0x00007ffc60629000 	C:\WINDOWS\System32\msvcrt.dll
0x00007ffc61890000 - 0x00007ffc618bb000 	C:\WINDOWS\System32\GDI32.dll
0x00007ffc5f1a0000 - 0x00007ffc5f2ca000 	C:\WINDOWS\System32\gdi32full.dll
0x00007ffc5f2d0000 - 0x00007ffc5f373000 	C:\WINDOWS\System32\msvcp_win.dll
0x00007ffc618c0000 - 0x00007ffc618f1000 	C:\WINDOWS\System32\IMM32.DLL
0x00007ffc564d0000 - 0x00007ffc564dc000 	c:\Users\babao\.vscode\extensions\redhat.java-1.53.0-win32-x64\jre\21.0.10-win32-x86_64\bin\vcruntime140_1.dll
0x00007ffc4a660000 - 0x00007ffc4a6ed000 	c:\Users\babao\.vscode\extensions\redhat.java-1.53.0-win32-x64\jre\21.0.10-win32-x86_64\bin\msvcp140.dll
0x00007ffb78140000 - 0x00007ffb78ee1000 	c:\Users\babao\.vscode\extensions\redhat.java-1.53.0-win32-x64\jre\21.0.10-win32-x86_64\bin\server\jvm.dll
0x00007ffc62250000 - 0x00007ffc6230b000 	C:\WINDOWS\System32\ADVAPI32.dll
0x00007ffc60a50000 - 0x00007ffc60af7000 	C:\WINDOWS\System32\sechost.dll
0x00007ffc60c60000 - 0x00007ffc60d78000 	C:\WINDOWS\System32\RPCRT4.dll
0x00007ffc610e0000 - 0x00007ffc61154000 	C:\WINDOWS\System32\WS2_32.dll
0x00007ffc53310000 - 0x00007ffc53345000 	C:\WINDOWS\SYSTEM32\WINMM.dll
0x00007ffc5ec80000 - 0x00007ffc5ecde000 	C:\WINDOWS\SYSTEM32\POWRPROF.dll
0x00007ffc58c60000 - 0x00007ffc58c6b000 	C:\WINDOWS\SYSTEM32\VERSION.dll
0x00007ffc5ec60000 - 0x00007ffc5ec74000 	C:\WINDOWS\SYSTEM32\UMPDC.dll
0x00007ffc5db90000 - 0x00007ffc5dbab000 	C:\WINDOWS\SYSTEM32\kernel.appcore.dll
0x00007ffc56490000 - 0x00007ffc5649a000 	c:\Users\babao\.vscode\extensions\redhat.java-1.53.0-win32-x64\jre\21.0.10-win32-x86_64\bin\jimage.dll
0x00007ffc5cb40000 - 0x00007ffc5cd82000 	C:\WINDOWS\SYSTEM32\DBGHELP.DLL
0x00007ffc60630000 - 0x00007ffc609b2000 	C:\WINDOWS\System32\combase.dll
0x00007ffc60b80000 - 0x00007ffc60c57000 	C:\WINDOWS\System32\OLEAUT32.dll
0x00007ffc50580000 - 0x00007ffc505bb000 	C:\WINDOWS\SYSTEM32\dbgcore.DLL
0x00007ffc5f030000 - 0x00007ffc5f0d5000 	C:\WINDOWS\System32\bcryptPrimitives.dll
0x00007ffc50110000 - 0x00007ffc5011f000 	c:\Users\babao\.vscode\extensions\redhat.java-1.53.0-win32-x64\jre\21.0.10-win32-x86_64\bin\instrument.dll
0x00007ffc4d090000 - 0x00007ffc4d0b0000 	c:\Users\babao\.vscode\extensions\redhat.java-1.53.0-win32-x64\jre\21.0.10-win32-x86_64\bin\java.dll
0x00007ffc61ae0000 - 0x00007ffc6223f000 	C:\WINDOWS\System32\SHELL32.dll
0x00007ffc5f380000 - 0x00007ffc5f4ea000 	C:\WINDOWS\System32\wintypes.dll
0x00007ffc5fa70000 - 0x00007ffc602d4000 	C:\WINDOWS\System32\windows.storage.dll
0x00007ffc602e0000 - 0x00007ffc603d7000 	C:\WINDOWS\System32\SHCORE.dll
0x00007ffc61160000 - 0x00007ffc611c7000 	C:\WINDOWS\System32\shlwapi.dll
0x00007ffc5ed40000 - 0x00007ffc5ed69000 	C:\WINDOWS\SYSTEM32\profapi.dll
0x00007ffc4cc70000 - 0x00007ffc4cc88000 	c:\Users\babao\.vscode\extensions\redhat.java-1.53.0-win32-x64\jre\21.0.10-win32-x86_64\bin\zip.dll
0x00007ffc4bf80000 - 0x00007ffc4bf90000 	C:\Users\babao\.vscode\extensions\redhat.java-1.53.0-win32-x64\jre\21.0.10-win32-x86_64\bin\net.dll
0x00007ffc58a10000 - 0x00007ffc58b37000 	C:\WINDOWS\SYSTEM32\WINHTTP.dll
0x00007ffc5e120000 - 0x00007ffc5e18b000 	C:\WINDOWS\system32\mswsock.dll
0x00007ffc4b8e0000 - 0x00007ffc4b8f6000 	C:\Users\babao\.vscode\extensions\redhat.java-1.53.0-win32-x64\jre\21.0.10-win32-x86_64\bin\nio.dll
0x00007ffc4be90000 - 0x00007ffc4bea0000 	c:\Users\babao\.vscode\extensions\redhat.java-1.53.0-win32-x64\jre\21.0.10-win32-x86_64\bin\verify.dll
0x00007ffbe6800000 - 0x00007ffbe6845000 	C:\Users\babao\AppData\Roaming\Code\User\globalStorage\redhat.java\1.53.0\config_ss_win\org.eclipse.equinox.launcher\org.eclipse.equinox.launcher.win32.win32.x86_64_1.3.0.v20260203-2149\eclipse_11919.dll
0x00007ffc60e90000 - 0x00007ffc61025000 	C:\WINDOWS\System32\ole32.dll
0x00007ffc4a750000 - 0x00007ffc4a75a000 	C:\Users\babao\.vscode\extensions\redhat.java-1.53.0-win32-x64\jre\21.0.10-win32-x86_64\bin\management.dll
0x00007ffc49f70000 - 0x00007ffc49f7c000 	C:\Users\babao\.vscode\extensions\redhat.java-1.53.0-win32-x64\jre\21.0.10-win32-x86_64\bin\management_ext.dll
0x00007ffc604b0000 - 0x00007ffc604b8000 	C:\WINDOWS\System32\PSAPI.DLL
0x00007ffc5e410000 - 0x00007ffc5e42b000 	C:\WINDOWS\SYSTEM32\CRYPTSP.dll
0x00007ffc5daf0000 - 0x00007ffc5db29000 	C:\WINDOWS\system32\rsaenh.dll
0x00007ffc5e1d0000 - 0x00007ffc5e202000 	C:\WINDOWS\SYSTEM32\USERENV.dll
0x00007ffc5ed10000 - 0x00007ffc5ed3a000 	C:\WINDOWS\SYSTEM32\bcrypt.dll
0x00007ffc5e400000 - 0x00007ffc5e40c000 	C:\WINDOWS\SYSTEM32\CRYPTBASE.dll
0x00007ffc5d4f0000 - 0x00007ffc5d523000 	C:\WINDOWS\SYSTEM32\IPHLPAPI.DLL
0x00007ffc60e80000 - 0x00007ffc60e8a000 	C:\WINDOWS\System32\NSI.dll
0x00007ffbe41d0000 - 0x00007ffbe4219000 	C:\Users\babao\AppData\Local\Temp\jna-93492081\jna8352782327119061056.dll
0x00007ffc58cb0000 - 0x00007ffc58ccd000 	C:\WINDOWS\SYSTEM32\dhcpcsvc6.DLL
0x00007ffc58c80000 - 0x00007ffc58ca3000 	C:\WINDOWS\SYSTEM32\dhcpcsvc.DLL

JVMTI agents:
c:\Users\babao\.vscode\extensions\redhat.java-1.53.0-win32-x64\lombok\lombok-1.18.39-4050.jar path:c:\Users\babao\.vscode\extensions\redhat.java-1.53.0-win32-x64\jre\21.0.10-win32-x86_64\bin\instrument.dll, loaded, initialized, instrumentlib options:none

dbghelp: loaded successfully - version: 4.0.5 - missing functions: none
symbol engine: initialized successfully - sym options: 0x614 - pdb path: .;c:\Users\babao\.vscode\extensions\redhat.java-1.53.0-win32-x64\jre\21.0.10-win32-x86_64\bin;C:\WINDOWS\SYSTEM32;C:\WINDOWS\WinSxS\amd64_microsoft.windows.common-controls_6595b64144ccf1df_6.0.26100.7922_none_3e089e1ee3342171;c:\Users\babao\.vscode\extensions\redhat.java-1.53.0-win32-x64\jre\21.0.10-win32-x86_64\bin\server;C:\Users\babao\AppData\Roaming\Code\User\globalStorage\redhat.java\1.53.0\config_ss_win\org.eclipse.equinox.launcher\org.eclipse.equinox.launcher.win32.win32.x86_64_1.3.0.v20260203-2149;C:\Users\babao\AppData\Local\Temp\jna-93492081

VM Arguments:
jvm_args: --add-modules=ALL-SYSTEM --add-opens=java.base/java.util=ALL-UNNAMED --add-opens=java.base/java.lang=ALL-UNNAMED --add-opens=java.base/sun.nio.fs=ALL-UNNAMED -Declipse.application=org.eclipse.jdt.ls.core.id1 -Dosgi.bundles.defaultStartLevel=4 -Declipse.product=org.eclipse.jdt.ls.core.product -Djava.import.generatesMetadataFilesAtProjectRoot=false -DDetectVMInstallationsJob.disabled=true -Dfile.encoding=utf8 -XX:+UseParallelGC -XX:GCTimeRatio=4 -XX:AdaptiveSizePolicyWeight=90 -Dsun.zip.disableMemoryMapping=true -Xmx2G -Xms100m -Xlog:disable -javaagent:c:\Users\babao\.vscode\extensions\redhat.java-1.53.0-win32-x64\lombok\lombok-1.18.39-4050.jar 
java_command: c:\Users\babao\.vscode\extensions\redhat.java-1.53.0-win32-x64\server\plugins\org.eclipse.equinox.launcher_1.7.100.v20251111-0406.jar -configuration c:\Users\babao\AppData\Roaming\Code\User\globalStorage\redhat.java\1.53.0\config_ss_win -data c:\Users\babao\AppData\Roaming\Code\User\workspaceStorage\def750f261716c392b2c7b4c6f5723f1\redhat.java\ss_ws --pipe=\\.\pipe\lsp-3bf93ff1baf4f23a255c1e0f161bd286-sock
java_class_path (initial): c:\Users\babao\.vscode\extensions\redhat.java-1.53.0-win32-x64\server\plugins\org.eclipse.equinox.launcher_1.7.100.v20251111-0406.jar
Launcher Type: SUN_STANDARD

[Global flags]
    uintx AdaptiveSizePolicyWeight                 = 90                                        {product} {command line}
     intx CICompilerCount                          = 4                                         {product} {ergonomic}
    uintx GCTimeRatio                              = 4                                         {product} {command line}
   size_t InitialHeapSize                          = 104857600                                 {product} {command line}
   size_t MaxHeapSize                              = 2147483648                                {product} {command line}
   size_t MaxNewSize                               = 715653120                                 {product} {ergonomic}
   size_t MinHeapDeltaBytes                        = 524288                                    {product} {ergonomic}
   size_t MinHeapSize                              = 104857600                                 {product} {command line}
   size_t NewSize                                  = 34603008                                  {product} {ergonomic}
    uintx NonNMethodCodeHeapSize                   = 5839372                                {pd product} {ergonomic}
    uintx NonProfiledCodeHeapSize                  = 122909434                              {pd product} {ergonomic}
   size_t OldSize                                  = 70254592                                  {product} {ergonomic}
    uintx ProfiledCodeHeapSize                     = 122909434                              {pd product} {ergonomic}
    uintx ReservedCodeCacheSize                    = 251658240                              {pd product} {ergonomic}
     bool SegmentedCodeCache                       = true                                      {product} {ergonomic}
   size_t SoftMaxHeapSize                          = 2147483648                             {manageable} {ergonomic}
     bool UseCompressedOops                        = true                           {product lp64_product} {ergonomic}
     bool UseLargePagesIndividualAllocation        = false                                  {pd product} {ergonomic}
     bool UseParallelGC                            = true                                      {product} {command line}

Logging:
Log output configuration:
 #0: stdout all=off uptime,level,tags foldmultilines=false
 #1: stderr all=off uptime,level,tags foldmultilines=false

Release file:
JAVA_VERSION="21.0.10" 
MODULES="java.base java.compiler java.datatransfer java.xml java.prefs java.desktop java.instrument java.logging java.management java.security.sasl java.naming java.rmi java.management.rmi java.net.http java.scripting java.security.jgss java.transaction.xa java.sql java.sql.rowset java.xml.crypto java.se java.smartcardio jdk.accessibility jdk.internal.jvmstat jdk.attach jdk.charsets jdk.internal.opt jdk.zipfs jdk.compiler jdk.crypto.ec jdk.crypto.cryptoki jdk.crypto.mscapi jdk.dynalink jdk.internal.ed jdk.editpad jdk.hotspot.agent jdk.httpserver jdk.internal.le jdk.internal.vm.ci jdk.internal.vm.compiler jdk.internal.vm.compiler.management jdk.jartool jdk.javadoc jdk.jcmd jdk.management jdk.management.agent jdk.jconsole jdk.jdeps jdk.jdwp.agent jdk.jdi jdk.jfr jdk.jshell jdk.jsobject jdk.jstatd jdk.localedata jdk.management.jfr jdk.naming.dns jdk.naming.rmi jdk.net jdk.nio.mapmode jdk.random jdk.sctp jdk.security.auth jdk.security.jgss jdk.unsupported jdk.unsupported.desktop jdk.xml.dom" 

Environment Variables:
JAVA_HOME=C:\Program Files\Java\jdk-25
PATH=E:\Microsoft VS Code;E:\Scripts\;E:\;C:\Program Files\Common Files\Oracle\Java\javapath;C:\Program Files\Eclipse Adoptium\jdk-25.0.2.10-hotspot\bin;C:\Python314\Scripts\;C:\Python314\;C:\Python313\Scripts\;C:\Python313\;C:\WINDOWS\system32;C:\WINDOWS;C:\WINDOWS\System32\Wbem;C:\WINDOWS\System32\WindowsPowerShell\v1.0\;C:\WINDOWS\System32\OpenSSH\;C:\Program Files\dotnet\;C:\Program Files\Git\cmd;C:\ProgramData\chocolatey\bin;C:\Users\babao\AppData\Roaming\npm;C:\Program Files\nodejs\;E:\cursor\resources\app\bin;C:\Program Files\Maven\apache-maven-3.9.12\bin;C:\Program Files\MySQL\MySQL Server 8.0\bin;C:\Users\babao\.local\bin;C:\Program Files\MySQL\MySQL Shell 8.0\bin\;C:\Users\babao\AppData\Local\Microsoft\WindowsApps;E:\Microsoft VS Code\bin;C:\Users\babao\AppData\Roaming\npm
USERNAME=babao
OS=Windows_NT
PROCESSOR_IDENTIFIER=Intel64 Family 6 Model 140 Stepping 1, GenuineIntel
TMP=C:\Users\babao\AppData\Local\Temp
TEMP=C:\Users\babao\AppData\Local\Temp




Periodic native trim disabled

---------------  S Y S T E M  ---------------

OS:
 Windows 11 , 64 bit Build 26100 (10.0.26100.7920)
OS uptime: 2 days 21:49 hours
Hyper-V role detected

CPU: total 8 (initial active 8) (4 cores per cpu, 2 threads per core) family 6 model 140 stepping 1 microcode 0xbe, cx8, cmov, fxsr, ht, mmx, 3dnowpref, sse, sse2, sse3, ssse3, sse4.1, sse4.2, popcnt, lzcnt, tsc, tscinvbit, avx, avx2, aes, erms, clmul, bmi1, bmi2, adx, avx512f, avx512dq, avx512cd, avx512bw, avx512vl, sha, fma, vzeroupper, avx512_vpopcntdq, avx512_vpclmulqdq, avx512_vaes, avx512_vnni, clflush, clflushopt, clwb, avx512_vbmi2, avx512_vbmi, hv, rdtscp, rdpid, fsrm, gfni, avx512_bitalg, f16c, cet_ibt, cet_ss, avx512_ifma
Processor Information for the first 8 processors :
  Max Mhz: 2419, Current Mhz: 2419, Mhz Limit: 2419

Memory: 4k page, system-wide physical 7926M (1122M free)
TotalPageFile size 32502M (AvailPageFile size 7M)
current process WorkingSet (physical memory assigned to process): 91M, peak: 207M
current process commit charge ("private bytes"): 305M, peak: 361M

vm_info: OpenJDK 64-Bit Server VM (21.0.10+7-LTS) for windows-amd64 JRE (21.0.10+7-LTS), built on 2026-01-20T00:00:00Z by "admin" with MS VC++ 17.12 (VS2022)

END.
